
> backend@0.0.1 start:dev
> nest start --watch

[2J[3J[H[[90m6:06:21 AM[0m] Starting compilation in watch mode...

[[90m6:06:23 AM[0m] Found 0 errors. Watching for file changes.

[32m[Nest] 64078  - [39m10/06/2025, 6:06:25 AM [32m    LOG[39m [38;5;3m[NestFactory] [39m[32mStarting Nest application...[39m
[32m[Nest] 64078  - [39m10/06/2025, 6:06:25 AM [32m    LOG[39m [38;5;3m[InstanceLoader] [39m[32mPassportModule dependencies initialized[39m[38;5;3m +21ms[39m
[32m[Nest] 64078  - [39m10/06/2025, 6:06:25 AM [32m    LOG[39m [38;5;3m[InstanceLoader] [39m[32mConfigHostModule dependencies initialized[39m[38;5;3m +2ms[39m
[32m[Nest] 64078  - [39m10/06/2025, 6:06:25 AM [32m    LOG[39m [38;5;3m[InstanceLoader] [39m[32mDatabaseModule dependencies initialized[39m[38;5;3m +1ms[39m
[32m[Nest] 64078  - [39m10/06/2025, 6:06:25 AM [32m    LOG[39m [38;5;3m[InstanceLoader] [39m[32mAppModule dependencies initialized[39m[38;5;3m +1ms[39m
[32m[Nest] 64078  - [39m10/06/2025, 6:06:25 AM [32m    LOG[39m [38;5;3m[InstanceLoader] [39m[32mConfigModule dependencies initialized[39m[38;5;3m +0ms[39m
[32m[Nest] 64078  - [39m10/06/2025, 6:06:25 AM [32m    LOG[39m [38;5;3m[InstanceLoader] [39m[32mHealthModule dependencies initialized[39m[38;5;3m +1ms[39m
[32m[Nest] 64078  - [39m10/06/2025, 6:06:25 AM [32m    LOG[39m [38;5;3m[InstanceLoader] [39m[32mJwtModule dependencies initialized[39m[38;5;3m +0ms[39m
AuthController initialized
[32m[Nest] 64078  - [39m10/06/2025, 6:06:25 AM [32m    LOG[39m [38;5;3m[InstanceLoader] [39m[32mAuthModule dependencies initialized[39m[38;5;3m +1ms[39m
[32m[Nest] 64078  - [39m10/06/2025, 6:06:25 AM [32m    LOG[39m [38;5;3m[RoutesResolver] [39m[32mAppController {/}:[39m[38;5;3m +27ms[39m
[32m[Nest] 64078  - [39m10/06/2025, 6:06:25 AM [32m    LOG[39m [38;5;3m[RouterExplorer] [39m[32mMapped {/, GET} route[39m[38;5;3m +3ms[39m
[32m[Nest] 64078  - [39m10/06/2025, 6:06:25 AM [32m    LOG[39m [38;5;3m[RoutesResolver] [39m[32mHealthController {/health}:[39m[38;5;3m +0ms[39m
[32m[Nest] 64078  - [39m10/06/2025, 6:06:25 AM [32m    LOG[39m [38;5;3m[RouterExplorer] [39m[32mMapped {/health, GET} route[39m[38;5;3m +0ms[39m
[32m[Nest] 64078  - [39m10/06/2025, 6:06:25 AM [32m    LOG[39m [38;5;3m[RouterExplorer] [39m[32mMapped {/health/db, GET} route[39m[38;5;3m +0ms[39m
[32m[Nest] 64078  - [39m10/06/2025, 6:06:25 AM [32m    LOG[39m [38;5;3m[RoutesResolver] [39m[32mAuthController {/auth}:[39m[38;5;3m +1ms[39m
[32m[Nest] 64078  - [39m10/06/2025, 6:06:25 AM [32m    LOG[39m [38;5;3m[RouterExplorer] [39m[32mMapped {/auth/login, POST} route[39m[38;5;3m +0ms[39m
[32m[Nest] 64078  - [39m10/06/2025, 6:06:25 AM [32m    LOG[39m [38;5;3m[RouterExplorer] [39m[32mMapped {/auth/refresh, POST} route[39m[38;5;3m +1ms[39m
[32m[Nest] 64078  - [39m10/06/2025, 6:06:25 AM [32m    LOG[39m [38;5;3m[RouterExplorer] [39m[32mMapped {/auth/logout, POST} route[39m[38;5;3m +0ms[39m
[32m[Nest] 64078  - [39m10/06/2025, 6:06:25 AM [32m    LOG[39m [38;5;3m[NestApplication] [39m[32mNest application successfully started[39m[38;5;3m +47ms[39m
[31m[Nest] 64078  - [39m10/06/2025, 6:06:25 AM [31m  ERROR[39m [38;5;3m[NestApplication] [39m[31mError: listen EADDRINUSE: address already in use :::3001[39m[38;5;3m +2ms[39m
node:net:1939
    const ex = new UVExceptionWithHostPort(err, 'listen', address, port);
               ^

Error: listen EADDRINUSE: address already in use :::3001
    at Server.setupListenHandle [as _listen2] (node:net:1939:16)
    at listenInCluster (node:net:1996:12)
    at Server.listen (node:net:2101:7)
    at ExpressAdapter.listen (/Users/dharshansenthil/Desktop/Hyphrki/orchestrator/node_modules/@nestjs/platform-express/adapters/express-adapter.js:127:32)
    at /Users/dharshansenthil/Desktop/Hyphrki/orchestrator/node_modules/@nestjs/core/nest-application.js:188:30
    at new Promise (<anonymous>)
    at NestApplication.listen (/Users/dharshansenthil/Desktop/Hyphrki/orchestrator/node_modules/@nestjs/core/nest-application.js:178:16)
    at async bootstrap (/Users/dharshansenthil/Desktop/Hyphrki/orchestrator/backend/src/main.ts:15:3) {
  code: 'EADDRINUSE',
  errno: -48,
  syscall: 'listen',
  address: '::',
  port: 3001
}

Node.js v22.16.0
